[FATAL](2023-03-20 20:06:19) /Users/egorkozelskij/GolandProjects/iredy/todo_service/app/logs.go:83 listen tcp :8071: bind: address already in use
[FATAL](2023-03-20 20:06:53) /Users/egorkozelskij/GolandProjects/iredy/todo_service/app/logs.go:83 listen tcp :8071: bind: address already in use
[ERROR](2023-03-22 19:46:08) /Users/egorkozelskij/GolandProjects/iredy/todo_service/app/logs.go:79 cannot extract user_id from context: user_id was not found into context
[ERROR](2023-03-22 19:51:35) /Users/egorkozelskij/GolandProjects/iredy/todo_service/app/logs.go:79 cannot extract user_id from context: user_id was not found into context
[ERROR](2023-03-22 19:51:51) /Users/egorkozelskij/GolandProjects/iredy/todo_service/app/logs.go:79 cannot extract user_id from context: user_id was not found into context
[ERROR](2023-03-22 19:52:02) /Users/egorkozelskij/GolandProjects/iredy/todo_service/app/logs.go:79 cannot extract user_id from context: user_id was not found into context
[ERROR](2023-03-22 20:04:31) /Users/egorkozelskij/GolandProjects/iredy/todo_service/app/logs.go:79 cannot extract user_id from context: user_id was not found into context
[ERROR](2023-03-28 11:24:52) /Users/egorkozelskij/GolandProjects/iredy/todo_service/app/logs.go:79 DENIED access without AUTH! /pb.ToDoService/GetProjects
[ERROR](2023-03-28 11:24:52) /Users/egorkozelskij/GolandProjects/iredy/todo_service/app/logs.go:79 DENIED access without AUTH! /pb.ToDoService/GetProjects
[ERROR](2023-03-28 11:24:54) /Users/egorkozelskij/GolandProjects/iredy/todo_service/app/logs.go:79 DENIED access without AUTH! /pb.ToDoService/GetProjects
[ERROR](2023-03-28 11:24:54) /Users/egorkozelskij/GolandProjects/iredy/todo_service/app/logs.go:79 DENIED access without AUTH! /pb.ToDoService/GetProjects
[ERROR](2023-03-31 18:50:44) /Users/egorkozelskij/GolandProjects/iredy/todo_service/app/logs.go:79 cannot update projects order: cannot drag projects for user 15: pq: column "parent_id" is of type bigint but expression is of type text
[ERROR](2023-03-31 18:53:46) /Users/egorkozelskij/GolandProjects/iredy/todo_service/app/logs.go:79 cannot update projects order: cannot drag projects for user 15: pq: column "parent_id" is of type bigint but expression is of type text
[ERROR](2023-03-31 18:56:54) /Users/egorkozelskij/GolandProjects/iredy/todo_service/app/logs.go:79 cannot update projects order: cannot drag projects for user 15: pq: column "parent_id" is of type bigint but expression is of type text
[ERROR](2023-03-31 18:56:54) /Users/egorkozelskij/GolandProjects/iredy/todo_service/app/logs.go:79 cannot update projects order: cannot drag projects for user 15: pq: invalid input syntax for type integer: "null"
[ERROR](2023-04-04 17:56:01) /Users/egorkozelskij/GolandProjects/iredy/todo_service/app/logs.go:79 cannot set done task 147: cannot send kafka event (TaskDoneEvent: dial tcp [::1]:29092: connect: connection refused
[ERROR](2023-10-13 23:39:37) /Users/egorkozelskij/GolandProjects/iredy/iredy_dbc_service/app/logs.go:79 DENIED access without AUTH! /pb.StatusService/Ping
[ERROR](2023-10-13 23:40:34) /Users/egorkozelskij/GolandProjects/iredy/iredy_dbc_service/app/logs.go:79 DENIED access without AUTH! /pb.StatusService/Ping
[ERROR](2023-10-13 23:40:42) /Users/egorkozelskij/GolandProjects/iredy/iredy_dbc_service/app/logs.go:79 DENIED access without AUTH! /pb.StatusService/Ping
[ERROR](2023-10-13 23:40:48) /Users/egorkozelskij/GolandProjects/iredy/iredy_dbc_service/app/logs.go:79 DENIED access without AUTH! /pb.StatusService/Ping
[ERROR](2023-10-13 23:42:39) /Users/egorkozelskij/GolandProjects/iredy/iredy_dbc_service/app/logs.go:79 DENIED access without AUTH! /pb.StatusService/Ping
[ERROR](2023-10-13 23:44:58) /Users/egorkozelskij/GolandProjects/iredy/iredy_dbc_service/app/logs.go:79 DENIED access without AUTH! /pb.StatusService/Ping
[ERROR](2023-10-14 21:34:29) /Users/egorkozelskij/GolandProjects/iredy/iredy_dbc_service/app/logs.go:79 cannot extract user_id from context: user_id was not found into context
[ERROR](2023-10-14 22:27:34) /Users/egorkozelskij/GolandProjects/iredy/iredy_dbc_service/app/logs.go:79 CreateChallenge: cannot insert new challenge before creating task: pq: insert or update on table "dbc_challenges" violates foreign key constraint "fk_category_id"
[ERROR](2023-10-16 23:47:42) /Users/egorkozelskij/GolandProjects/iredy/iredy_dbc_service/app/logs.go:79 GetChallenges: cannot fetch dbc-challenges by user id: pq: got 1 parameters but the statement requires 2
[ERROR](2023-10-17 20:46:33) /Users/egorkozelskij/GolandProjects/iredy/iredy_dbc_service/app/logs.go:79 GetChallenges: cannot fetch dbc-challenges by user id: sql: Scan error on column index 8, name "date": unsupported Scan, storing driver.Value type <nil> into type *time.Time
[ERROR](2023-10-17 20:46:34) /Users/egorkozelskij/GolandProjects/iredy/iredy_dbc_service/app/logs.go:79 GetChallenges: cannot fetch dbc-challenges by user id: sql: Scan error on column index 8, name "date": unsupported Scan, storing driver.Value type <nil> into type *time.Time
[ERROR](2023-10-17 20:46:39) /Users/egorkozelskij/GolandProjects/iredy/iredy_dbc_service/app/logs.go:79 GetChallenges: cannot fetch dbc-challenges by user id: sql: Scan error on column index 8, name "date": unsupported Scan, storing driver.Value type <nil> into type *time.Time
